
                  X            stressVSstrain 

                0.                 0.         
               47.5732E-06         1.00994    
               95.1446E-06         2.0197     
              142.714E-06          3.02926    
              190.282E-06          4.03863    
              237.848E-06          5.04781    
              285.413E-06          6.0568     
              332.975E-06          7.0656     
              380.536E-06          8.07421    
              428.096E-06          9.08263    
              475.653E-06         10.0909     
              523.209E-06         11.0989     
              570.763E-06         12.1067     
              618.315E-06         13.1144     
              665.865E-06         14.1219     
              713.414E-06         15.1291     
              760.961E-06         16.1362     
              808.506E-06         17.1431     
              856.05E-06          18.1498     
              903.591E-06         19.1563     
              951.131E-06         20.1626     
              998.67E-06          21.1688     
                1.04621E-03       22.1747     
                1.09374E-03       23.1805     
                1.14127E-03       24.186      
                1.1888E-03        25.1914     
                1.23633E-03       26.1966     
                1.28386E-03       27.2016     
                1.33139E-03       28.2064     
                1.37891E-03       29.211      
                1.42644E-03       30.2154     
                1.47396E-03       31.2196     
                1.52148E-03       32.2236     
                1.569E-03         33.2273     
                1.61653E-03       34.2305     
                1.66407E-03       35.233      
                1.71165E-03       36.2339     
                1.7593E-03        37.232      
                1.80709E-03       38.2247     
                1.85513E-03       39.2079     
                1.90363E-03       40.1747     
                1.95286E-03       41.1145     
                2.00323E-03       42.0126     
                2.05525E-03       42.8508     
                2.10946E-03       43.6095     
                2.16631E-03       44.2723     
                2.22606E-03       44.8303     
                2.2887E-03        45.2837     
                2.35401E-03       45.6415     
                2.42158E-03       45.9177     
                2.49097E-03       46.1283     
                2.56174E-03       46.2885     
                2.63353E-03       46.4111     
                2.70604E-03       46.5066     
                2.77904E-03       46.5826     
                2.85237E-03       46.6448     
                2.92591E-03       46.6974     
                2.99958E-03       46.7433     
                3.07331E-03       46.7844     
                3.14707E-03       46.8223     
                3.22082E-03       46.8578     
                3.29456E-03       46.8916     
                3.36825E-03       46.9242     
                3.4419E-03        46.956      
                3.5155E-03        46.9871     
                3.58905E-03       47.0177     
                3.66253E-03       47.0479     
                3.73596E-03       47.0778     
                3.80932E-03       47.1075     
                3.88262E-03       47.1369     
                3.95586E-03       47.1661     
                4.02904E-03       47.1951     
                4.10215E-03       47.2239     
                4.1752E-03        47.2526     
                4.24819E-03       47.2811     
                4.32112E-03       47.3095     
                4.39399E-03       47.3377     
                4.4668E-03        47.3658     
                4.53955E-03       47.3937     
                4.61224E-03       47.4215     
                4.68487E-03       47.4492     
                4.75744E-03       47.4767     
                4.82995E-03       47.5041     
                4.90241E-03       47.5313     
                4.97481E-03       47.5584     
                5.04715E-03       47.5854     
                5.11944E-03       47.6122     
                5.19167E-03       47.639      
                5.26385E-03       47.6656     
                5.33597E-03       47.692      
                5.40804E-03       47.7183     
                5.48005E-03       47.7446     
                5.55201E-03       47.7706     
                5.62392E-03       47.7966     
                5.69578E-03       47.8224     
                5.76758E-03       47.8482     
                5.83934E-03       47.8737     
                5.91104E-03       47.8992     
                5.9827E-03        47.9246     
                6.0543E-03        47.9498     
                6.12586E-03       47.9749     





                  X            stressVSstrain 

                0.                 0.         
               47.5732E-06         1.00994    
               95.1446E-06         2.0197     
              142.714E-06          3.02926    
              190.282E-06          4.03863    
              237.848E-06          5.04781    
              285.413E-06          6.0568     
              332.975E-06          7.0656     
              380.536E-06          8.07421    
              428.096E-06          9.08263    
              475.653E-06         10.0909     
              523.209E-06         11.0989     
              570.763E-06         12.1067     
              618.315E-06         13.1144     
              665.865E-06         14.1219     
              713.414E-06         15.1291     
              760.961E-06         16.1362     
              808.506E-06         17.1431     
              856.05E-06          18.1498     
              903.591E-06         19.1563     
              951.131E-06         20.1626     
              998.67E-06          21.1688     
                1.04621E-03       22.1747     
                1.09374E-03       23.1805     
                1.14127E-03       24.186      
                1.1888E-03        25.1914     
                1.23633E-03       26.1966     
                1.28386E-03       27.2016     
                1.33139E-03       28.2064     
                1.37891E-03       29.211      
                1.42644E-03       30.2154     
                1.47396E-03       31.2196     
                1.52148E-03       32.2236     
                1.569E-03         33.2273     
                1.61653E-03       34.2305     
                1.66407E-03       35.233      
                1.71165E-03       36.2339     
                1.7593E-03        37.232      
                1.80709E-03       38.2247     
                1.85513E-03       39.2079     
                1.90363E-03       40.1747     
                1.95286E-03       41.1145     
                2.00323E-03       42.0126     
                2.05525E-03       42.8508     
                2.10946E-03       43.6095     
                2.16631E-03       44.2723     
                2.22606E-03       44.8303     
                2.2887E-03        45.2837     
                2.35401E-03       45.6415     
                2.42158E-03       45.9177     
                2.49097E-03       46.1283     
                2.56174E-03       46.2885     
                2.63353E-03       46.4111     
                2.70604E-03       46.5066     
                2.77904E-03       46.5826     
                2.85237E-03       46.6448     
                2.92591E-03       46.6974     
                2.99958E-03       46.7433     
                3.07331E-03       46.7844     
                3.14707E-03       46.8223     
                3.22082E-03       46.8578     
                3.29456E-03       46.8916     
                3.36825E-03       46.9242     
                3.4419E-03        46.956      
                3.5155E-03        46.9871     
                3.58905E-03       47.0177     
                3.66253E-03       47.0479     
                3.73596E-03       47.0778     
                3.80932E-03       47.1075     
                3.88262E-03       47.1369     
                3.95586E-03       47.1661     
                4.02904E-03       47.1951     
                4.10215E-03       47.2239     
                4.1752E-03        47.2526     
                4.24819E-03       47.2811     
                4.32112E-03       47.3095     
                4.39399E-03       47.3377     
                4.4668E-03        47.3658     
                4.53955E-03       47.3937     
                4.61224E-03       47.4215     
                4.68487E-03       47.4492     
                4.75744E-03       47.4767     
                4.82995E-03       47.5041     
                4.90241E-03       47.5313     
                4.97481E-03       47.5584     
                5.04715E-03       47.5854     
                5.11944E-03       47.6122     
                5.19167E-03       47.639      
                5.26385E-03       47.6656     
                5.33597E-03       47.692      
                5.40804E-03       47.7183     
                5.48005E-03       47.7446     
                5.55201E-03       47.7706     
                5.62392E-03       47.7966     
                5.69578E-03       47.8224     
                5.76758E-03       47.8482     
                5.83934E-03       47.8737     
                5.91104E-03       47.8992     
                5.9827E-03        47.9246     
                6.0543E-03        47.9498     
                6.12586E-03       47.9749     





                  X            stressVSstrain 

                0.                 0.         
               47.5732E-06         1.00994    
               95.1446E-06         2.0197     
              142.714E-06          3.02926    
              190.282E-06          4.03863    
              237.848E-06          5.04781    
              285.413E-06          6.0568     
              332.975E-06          7.0656     
              380.536E-06          8.07421    
              428.096E-06          9.08263    
              475.653E-06         10.0909     
              523.209E-06         11.0989     
              570.763E-06         12.1067     
              618.315E-06         13.1144     
              665.865E-06         14.1219     
              713.414E-06         15.1291     
              760.961E-06         16.1362     
              808.506E-06         17.1431     
              856.05E-06          18.1498     
              903.591E-06         19.1563     
              951.131E-06         20.1626     
              998.67E-06          21.1688     
                1.04621E-03       22.1747     
                1.09374E-03       23.1805     
                1.14127E-03       24.186      
                1.1888E-03        25.1914     
                1.23633E-03       26.1966     
                1.28386E-03       27.2016     
                1.33139E-03       28.2064     
                1.37891E-03       29.211      
                1.42644E-03       30.2154     
                1.47396E-03       31.2196     
                1.52148E-03       32.2236     
                1.569E-03         33.2273     
                1.61653E-03       34.2305     
                1.66407E-03       35.233      
                1.71165E-03       36.2339     
                1.7593E-03        37.232      
                1.80709E-03       38.2247     
                1.85513E-03       39.2079     
                1.90363E-03       40.1747     
                1.95286E-03       41.1145     
                2.00323E-03       42.0126     
                2.05525E-03       42.8508     
                2.10946E-03       43.6095     
                2.16631E-03       44.2723     
                2.22606E-03       44.8303     
                2.2887E-03        45.2837     
                2.35401E-03       45.6415     
                2.42158E-03       45.9177     
                2.49097E-03       46.1283     
                2.56174E-03       46.2885     
                2.63353E-03       46.4111     
                2.70604E-03       46.5066     
                2.77904E-03       46.5826     
                2.85237E-03       46.6448     
                2.92591E-03       46.6974     
                2.99958E-03       46.7433     
                3.07331E-03       46.7844     
                3.14707E-03       46.8223     
                3.22082E-03       46.8578     
                3.29456E-03       46.8916     
                3.36825E-03       46.9242     
                3.4419E-03        46.956      
                3.5155E-03        46.9871     
                3.58905E-03       47.0177     
                3.66253E-03       47.0479     
                3.73596E-03       47.0778     
                3.80932E-03       47.1075     
                3.88262E-03       47.1369     
                3.95586E-03       47.1661     
                4.02904E-03       47.1951     
                4.10215E-03       47.2239     
                4.1752E-03        47.2526     
                4.24819E-03       47.2811     
                4.32112E-03       47.3095     
                4.39399E-03       47.3377     
                4.4668E-03        47.3658     
                4.53955E-03       47.3937     
                4.61224E-03       47.4215     
                4.68487E-03       47.4492     
                4.75744E-03       47.4767     
                4.82995E-03       47.5041     
                4.90241E-03       47.5313     
                4.97481E-03       47.5584     
                5.04715E-03       47.5854     
                5.11944E-03       47.6122     
                5.19167E-03       47.639      
                5.26385E-03       47.6656     
                5.33597E-03       47.692      
                5.40804E-03       47.7183     
                5.48005E-03       47.7446     
                5.55201E-03       47.7706     
                5.62392E-03       47.7966     
                5.69578E-03       47.8224     
                5.76758E-03       47.8482     
                5.83934E-03       47.8737     
                5.91104E-03       47.8992     
                5.9827E-03        47.9246     
                6.0543E-03        47.9498     
                6.12586E-03       47.9749     




